<?xml version="1.0" encoding="UTF-8"?>
<!-- Generated by org.testng.reporters.JUnitReportReporter -->
<testsuite hostname="DESKTOP-JRVQ74U" failures="0" tests="2" name="com.Practice.TC01Test2" time="7.217" errors="0" timestamp="2023-12-01T13:41:43 IST" skipped="0">
  <testcase classname="com.Practice.TC01Test2" name="tc01Test" time="2.736"/>
  <system-out/>
  <testcase classname="com.Practice.TC01Test2" name="GridExec" time="4.481"/>
  <system-out/>
</testsuite> <!-- com.Practice.TC01Test2 -->
