<?xml version="1.0" encoding="UTF-8"?>
<!-- Generated by org.testng.reporters.JUnitReportReporter -->
<testsuite hostname="DESKTOP-JRVQ74U" failures="0" tests="2" name="com.Practice.TC01Test" time="2.323" errors="0" timestamp="2023-12-01T13:41:43 IST" skipped="0">
  <testcase classname="com.Practice.TC01Test" name="GridExec" time="1.902"/>
  <system-out/>
  <testcase classname="com.Practice.TC01Test" name="tc01Test" time="0.421"/>
  <system-out/>
</testsuite> <!-- com.Practice.TC01Test -->
