<?xml version="1.0" encoding="UTF-8"?>
<!-- Generated by org.testng.reporters.JUnitReportReporter -->
<testsuite hostname="DESKTOP-JRVQ74U" failures="0" tests="1" name="com.Practice.BaseClass2" time="5.559" errors="0" timestamp="2023-12-01T13:25:55 IST" skipped="0">
  <testcase classname="com.Practice.BaseClass2" name="GridExec" time="5.559"/>
  <system-out/>
</testsuite> <!-- com.Practice.BaseClass2 -->
